# JRE version: OpenJDK Runtime Environment Temurin-21.0.1+12 (21.0.1+12) (build 21.0.1+12-LTS)
# Java VM: OpenJDK 64-Bit Server VM Temurin-21.0.1+12 (21.0.1+12-LTS, mixed mode, tiered, compressed oops, compressed class ptrs, g1 gc, linux-amd64)
GC Precious Log:
 CardTable entry size: 512
 Card Set container configuration: InlinePtr #cards 4 size 8 Array Of Cards #cards 32 size 80 Howl #buckets 8 coarsen threshold 7372 Howl Bitmap #cards 1024 size 144 coarsen threshold 921 Card regions per heap region 1 cards per card region 8192
 CPUs: 16 total, 16 available
 Memory: 31879M
 Large Page Support: Disabled
 NUMA Support: Disabled
 Compressed Oops: Enabled (Zero based)
 Heap Region Size: 4M
 Heap Min Capacity: 8M
 Heap Initial Capacity: 500M
 Heap Max Capacity: 7972M
 Pre-touch: Disabled
 Parallel Workers: 13
 Concurrent Workers: 3
 Concurrent Refinement Workers: 13
 Periodic GC: Disabled
Heap:
 garbage-first heap   total 245760K, used 152259K [0x000000060dc00000, 0x0000000800000000)
  region size 4096K, 23 young (94208K), 4 survivors (16384K)
 Metaspace       used 74111K, committed 75136K, reserved 1114112K
  class space    used 9136K, committed 9664K, reserved 1048576K
GC Heap History (20 events):
Event: 2,064 GC heap before
{Heap before GC invocations=7 (full 0):
 garbage-first heap   total 65536K, used 37542K [0x000000060dc00000, 0x0000000800000000)
  region size 4096K, 8 young (32768K), 2 survivors (8192K)
 Metaspace       used 39138K, committed 39552K, reserved 1114112K
  class space    used 4284K, committed 4480K, reserved 1048576K
}
Event: 2,066 GC heap after
{Heap after GC invocations=8 (full 0):
 garbage-first heap   total 65536K, used 21273K [0x000000060dc00000, 0x0000000800000000)
  region size 4096K, 1 young (4096K), 1 survivors (4096K)
 Metaspace       used 39138K, committed 39552K, reserved 1114112K
  class space    used 4284K, committed 4480K, reserved 1048576K
}
Event: 2,221 GC heap before
{Heap before GC invocations=8 (full 0):
 garbage-first heap   total 65536K, used 45849K [0x000000060dc00000, 0x0000000800000000)
  region size 4096K, 7 young (28672K), 1 survivors (4096K)
 Metaspace       used 42902K, committed 43520K, reserved 1114112K
  class space    used 4762K, committed 5056K, reserved 1048576K
}
Event: 2,222 GC heap after
{Heap after GC invocations=9 (full 0):
 garbage-first heap   total 65536K, used 24096K [0x000000060dc00000, 0x0000000800000000)
  region size 4096K, 1 young (4096K), 1 survivors (4096K)
 Metaspace       used 42902K, committed 43520K, reserved 1114112K
  class space    used 4762K, committed 5056K, reserved 1048576K
}
Event: 2,325 GC heap before
{Heap before GC invocations=9 (full 0):
 garbage-first heap   total 65536K, used 44576K [0x000000060dc00000, 0x0000000800000000)
  region size 4096K, 6 young (24576K), 1 survivors (4096K)
 Metaspace       used 44621K, committed 45184K, reserved 1114112K
  class space    used 4920K, committed 5184K, reserved 1048576K
}
Event: 2,326 GC heap after
{Heap after GC invocations=10 (full 0):
 garbage-first heap   total 65536K, used 25968K [0x000000060dc00000, 0x0000000800000000)
  region size 4096K, 1 young (4096K), 1 survivors (4096K)
 Metaspace       used 44621K, committed 45184K, reserved 1114112K
  class space    used 4920K, committed 5184K, reserved 1048576K
}
Event: 2,398 GC heap before
{Heap before GC invocations=10 (full 0):
 garbage-first heap   total 65536K, used 46448K [0x000000060dc00000, 0x0000000800000000)
  region size 4096K, 6 young (24576K), 1 survivors (4096K)
 Metaspace       used 44873K, committed 45376K, reserved 1114112K
  class space    used 4932K, committed 5184K, reserved 1048576K
}
Event: 2,400 GC heap after
{Heap after GC invocations=11 (full 0):
 garbage-first heap   total 290816K, used 28326K [0x000000060dc00000, 0x0000000800000000)
  region size 4096K, 1 young (4096K), 1 survivors (4096K)
 Metaspace       used 44873K, committed 45376K, reserved 1114112K
  class space    used 4932K, committed 5184K, reserved 1048576K
}
Event: 2,763 GC heap before
{Heap before GC invocations=11 (full 0):
 garbage-first heap   total 290816K, used 192166K [0x000000060dc00000, 0x0000000800000000)
  region size 4096K, 42 young (172032K), 1 survivors (4096K)
 Metaspace       used 49644K, committed 50240K, reserved 1114112K
  class space    used 5563K, committed 5824K, reserved 1048576K
}
Event: 2,766 GC heap after
{Heap after GC invocations=12 (full 0):
 garbage-first heap   total 290816K, used 41628K [0x000000060dc00000, 0x0000000800000000)
  region size 4096K, 5 young (20480K), 5 survivors (20480K)
 Metaspace       used 49644K, committed 50240K, reserved 1114112K
  class space    used 5563K, committed 5824K, reserved 1048576K
}
Event: 3,149 GC heap before
{Heap before GC invocations=12 (full 0):
 garbage-first heap   total 290816K, used 193180K [0x000000060dc00000, 0x0000000800000000)
  region size 4096K, 42 young (172032K), 5 survivors (20480K)
 Metaspace       used 56027K, committed 56704K, reserved 1114112K
  class space    used 6766K, committed 7104K, reserved 1048576K
}
Event: 3,154 GC heap after
{Heap after GC invocations=13 (full 0):
 garbage-first heap   total 290816K, used 56224K [0x000000060dc00000, 0x0000000800000000)
  region size 4096K, 6 young (24576K), 6 survivors (24576K)
 Metaspace       used 56027K, committed 56704K, reserved 1114112K
  class space    used 6766K, committed 7104K, reserved 1048576K
}
Event: 3,365 GC heap before
{Heap before GC invocations=13 (full 0):
 garbage-first heap   total 290816K, used 109472K [0x000000060dc00000, 0x0000000800000000)
  region size 4096K, 20 young (81920K), 6 survivors (24576K)
 Metaspace       used 59328K, committed 60096K, reserved 1114112K
  class space    used 7228K, committed 7616K, reserved 1048576K
}
Event: 3,370 GC heap after
{Heap after GC invocations=14 (full 0):
 garbage-first heap   total 290816K, used 66262K [0x000000060dc00000, 0x0000000800000000)
  region size 4096K, 3 young (12288K), 3 survivors (12288K)
 Metaspace       used 59328K, committed 60096K, reserved 1114112K
  class space    used 7228K, committed 7616K, reserved 1048576K
}
Event: 4,088 GC heap before
{Heap before GC invocations=15 (full 0):
 garbage-first heap   total 245760K, used 213718K [0x000000060dc00000, 0x0000000800000000)
  region size 4096K, 36 young (147456K), 3 survivors (12288K)
 Metaspace       used 70105K, committed 70976K, reserved 1114112K
  class space    used 8673K, committed 9088K, reserved 1048576K
}
Event: 4,095 GC heap after
{Heap after GC invocations=16 (full 0):
 garbage-first heap   total 245760K, used 75741K [0x000000060dc00000, 0x0000000800000000)
  region size 4096K, 5 young (20480K), 5 survivors (20480K)
 Metaspace       used 70105K, committed 70976K, reserved 1114112K
  class space    used 8673K, committed 9088K, reserved 1048576K
}
Event: 4,565 GC heap before
{Heap before GC invocations=16 (full 0):
 garbage-first heap   total 245760K, used 202717K [0x000000060dc00000, 0x0000000800000000)
  region size 4096K, 36 young (147456K), 5 survivors (20480K)
 Metaspace       used 70105K, committed 70976K, reserved 1114112K
  class space    used 8673K, committed 9088K, reserved 1048576K
}
Event: 4,570 GC heap after
{Heap after GC invocations=17 (full 0):
 garbage-first heap   total 245760K, used 76072K [0x000000060dc00000, 0x0000000800000000)
  region size 4096K, 3 young (12288K), 3 survivors (12288K)
 Metaspace       used 70105K, committed 70976K, reserved 1114112K
  class space    used 8673K, committed 9088K, reserved 1048576K
}
Event: 46,401 GC heap before
{Heap before GC invocations=17 (full 0):
 garbage-first heap   total 245760K, used 211240K [0x000000060dc00000, 0x0000000800000000)
  region size 4096K, 36 young (147456K), 3 survivors (12288K)
 Metaspace       used 73699K, committed 74752K, reserved 1114112K
  class space    used 9129K, committed 9664K, reserved 1048576K
}
Event: 46,406 GC heap after
{Heap after GC invocations=18 (full 0):
 garbage-first heap   total 245760K, used 78531K [0x000000060dc00000, 0x0000000800000000)
  region size 4096K, 4 young (16384K), 4 survivors (16384K)
 Metaspace       used 73699K, committed 74752K, reserved 1114112K
  class space    used 9129K, committed 9664K, reserved 1048576K
}

