# JRE version: OpenJDK Runtime Environment Temurin-21.0.1+12 (21.0.1+12) (build 21.0.1+12-LTS)
# Java VM: OpenJDK 64-Bit Server VM Temurin-21.0.1+12 (21.0.1+12-LTS, mixed mode, tiered, compressed oops, compressed class ptrs, g1 gc, linux-amd64)
GC Precious Log:
 CardTable entry size: 512
 Card Set container configuration: InlinePtr #cards 4 size 8 Array Of Cards #cards 32 size 80 Howl #buckets 8 coarsen threshold 7372 Howl Bitmap #cards 1024 size 144 coarsen threshold 921 Card regions per heap region 1 cards per card region 8192
 CPUs: 16 total, 16 available
 Memory: 31879M
 Large Page Support: Disabled
 NUMA Support: Disabled
 Compressed Oops: Enabled (Zero based)
 Heap Region Size: 4M
 Heap Min Capacity: 8M
 Heap Initial Capacity: 500M
 Heap Max Capacity: 7972M
 Pre-touch: Disabled
 Parallel Workers: 13
 Concurrent Workers: 3
 Concurrent Refinement Workers: 13
 Periodic GC: Disabled
Heap:
 garbage-first heap   total 290816K, used 93451K [0x000000060dc00000, 0x0000000800000000)
  region size 4096K, 16 young (65536K), 6 survivors (24576K)
 Metaspace       used 58059K, committed 58752K, reserved 1114112K
  class space    used 7066K, committed 7424K, reserved 1048576K
GC Heap History (20 events):
Event: 1,317 GC heap before
{Heap before GC invocations=1 (full 0):
 garbage-first heap   total 512000K, used 24917K [0x000000060dc00000, 0x0000000800000000)
  region size 4096K, 7 young (28672K), 1 survivors (4096K)
 Metaspace       used 21343K, committed 21504K, reserved 1114112K
  class space    used 2237K, committed 2304K, reserved 1048576K
}
Event: 1,319 GC heap after
{Heap after GC invocations=2 (full 0):
 garbage-first heap   total 512000K, used 7076K [0x000000060dc00000, 0x0000000800000000)
  region size 4096K, 1 young (4096K), 1 survivors (4096K)
 Metaspace       used 21343K, committed 21504K, reserved 1114112K
  class space    used 2237K, committed 2304K, reserved 1048576K
}
Event: 1,579 GC heap before
{Heap before GC invocations=3 (full 0):
 garbage-first heap   total 57344K, used 52132K [0x000000060dc00000, 0x0000000800000000)
  region size 4096K, 12 young (49152K), 1 survivors (4096K)
 Metaspace       used 26086K, committed 26304K, reserved 1114112K
  class space    used 2766K, committed 2880K, reserved 1048576K
}
Event: 1,581 GC heap after
{Heap after GC invocations=4 (full 0):
 garbage-first heap   total 65536K, used 12070K [0x000000060dc00000, 0x0000000800000000)
  region size 4096K, 2 young (8192K), 2 survivors (8192K)
 Metaspace       used 26086K, committed 26304K, reserved 1114112K
  class space    used 2766K, committed 2880K, reserved 1048576K
}
Event: 1,854 GC heap before
{Heap before GC invocations=4 (full 0):
 garbage-first heap   total 65536K, used 40742K [0x000000060dc00000, 0x0000000800000000)
  region size 4096K, 9 young (36864K), 2 survivors (8192K)
 Metaspace       used 33987K, committed 34432K, reserved 1114112K
  class space    used 3698K, committed 3904K, reserved 1048576K
}
Event: 1,856 GC heap after
{Heap after GC invocations=5 (full 0):
 garbage-first heap   total 65536K, used 14063K [0x000000060dc00000, 0x0000000800000000)
  region size 4096K, 2 young (8192K), 2 survivors (8192K)
 Metaspace       used 33987K, committed 34432K, reserved 1114112K
  class space    used 3698K, committed 3904K, reserved 1048576K
}
Event: 1,912 GC heap before
{Heap before GC invocations=5 (full 0):
 garbage-first heap   total 65536K, used 22255K [0x000000060dc00000, 0x0000000800000000)
  region size 4096K, 5 young (20480K), 2 survivors (8192K)
 Metaspace       used 35602K, committed 35968K, reserved 1114112K
  class space    used 3892K, committed 4096K, reserved 1048576K
}
Event: 1,914 GC heap after
{Heap after GC invocations=6 (full 0):
 garbage-first heap   total 65536K, used 17277K [0x000000060dc00000, 0x0000000800000000)
  region size 4096K, 2 young (8192K), 2 survivors (8192K)
 Metaspace       used 35602K, committed 35968K, reserved 1114112K
  class space    used 3892K, committed 4096K, reserved 1048576K
}
Event: 2,051 GC heap before
{Heap before GC invocations=7 (full 0):
 garbage-first heap   total 65536K, used 37757K [0x000000060dc00000, 0x0000000800000000)
  region size 4096K, 8 young (32768K), 2 survivors (8192K)
 Metaspace       used 39155K, committed 39616K, reserved 1114112K
  class space    used 4289K, committed 4480K, reserved 1048576K
}
Event: 2,053 GC heap after
{Heap after GC invocations=8 (full 0):
 garbage-first heap   total 65536K, used 21473K [0x000000060dc00000, 0x0000000800000000)
  region size 4096K, 1 young (4096K), 1 survivors (4096K)
 Metaspace       used 39155K, committed 39616K, reserved 1114112K
  class space    used 4289K, committed 4480K, reserved 1048576K
}
Event: 2,193 GC heap before
{Heap before GC invocations=8 (full 0):
 garbage-first heap   total 65536K, used 46049K [0x000000060dc00000, 0x0000000800000000)
  region size 4096K, 7 young (28672K), 1 survivors (4096K)
 Metaspace       used 42871K, committed 43456K, reserved 1114112K
  class space    used 4762K, committed 5056K, reserved 1048576K
}
Event: 2,194 GC heap after
{Heap after GC invocations=9 (full 0):
 garbage-first heap   total 65536K, used 24342K [0x000000060dc00000, 0x0000000800000000)
  region size 4096K, 1 young (4096K), 1 survivors (4096K)
 Metaspace       used 42871K, committed 43456K, reserved 1114112K
  class space    used 4762K, committed 5056K, reserved 1048576K
}
Event: 2,287 GC heap before
{Heap before GC invocations=9 (full 0):
 garbage-first heap   total 65536K, used 44822K [0x000000060dc00000, 0x0000000800000000)
  region size 4096K, 6 young (24576K), 1 survivors (4096K)
 Metaspace       used 44610K, committed 45184K, reserved 1114112K
  class space    used 4927K, committed 5184K, reserved 1048576K
}
Event: 2,288 GC heap after
{Heap after GC invocations=10 (full 0):
 garbage-first heap   total 65536K, used 26183K [0x000000060dc00000, 0x0000000800000000)
  region size 4096K, 1 young (4096K), 1 survivors (4096K)
 Metaspace       used 44610K, committed 45184K, reserved 1114112K
  class space    used 4927K, committed 5184K, reserved 1048576K
}
Event: 2,336 GC heap before
{Heap before GC invocations=10 (full 0):
 garbage-first heap   total 65536K, used 46663K [0x000000060dc00000, 0x0000000800000000)
  region size 4096K, 6 young (24576K), 1 survivors (4096K)
 Metaspace       used 44889K, committed 45440K, reserved 1114112K
  class space    used 4939K, committed 5184K, reserved 1048576K
}
Event: 2,337 GC heap after
{Heap after GC invocations=11 (full 0):
 garbage-first heap   total 290816K, used 28531K [0x000000060dc00000, 0x0000000800000000)
  region size 4096K, 1 young (4096K), 1 survivors (4096K)
 Metaspace       used 44889K, committed 45440K, reserved 1114112K
  class space    used 4939K, committed 5184K, reserved 1048576K
}
Event: 2,687 GC heap before
{Heap before GC invocations=11 (full 0):
 garbage-first heap   total 290816K, used 196467K [0x000000060dc00000, 0x0000000800000000)
  region size 4096K, 42 young (172032K), 1 survivors (4096K)
 Metaspace       used 49607K, committed 50240K, reserved 1114112K
  class space    used 5558K, committed 5824K, reserved 1048576K
}
Event: 2,690 GC heap after
{Heap after GC invocations=12 (full 0):
 garbage-first heap   total 290816K, used 41740K [0x000000060dc00000, 0x0000000800000000)
  region size 4096K, 5 young (20480K), 5 survivors (20480K)
 Metaspace       used 49607K, committed 50240K, reserved 1114112K
  class space    used 5558K, committed 5824K, reserved 1048576K
}
Event: 3,116 GC heap before
{Heap before GC invocations=12 (full 0):
 garbage-first heap   total 290816K, used 193292K [0x000000060dc00000, 0x0000000800000000)
  region size 4096K, 42 young (172032K), 5 survivors (20480K)
 Metaspace       used 56049K, committed 56704K, reserved 1114112K
  class space    used 6773K, committed 7104K, reserved 1048576K
}
Event: 3,124 GC heap after
{Heap after GC invocations=13 (full 0):
 garbage-first heap   total 290816K, used 56587K [0x000000060dc00000, 0x0000000800000000)
  region size 4096K, 6 young (24576K), 6 survivors (24576K)
 Metaspace       used 56049K, committed 56704K, reserved 1114112K
  class space    used 6773K, committed 7104K, reserved 1048576K
}

